The system is: Linux - 4.4.5-1-ARCH - x86_64
Compiling the C compiler identification source file "CMakeCCompilerId.c" succeeded.
Compiler: /usr/bin/cc 
Build flags: 
Id flags: 

The output was:
0


Compilation of the C compiler identification source "CMakeCCompilerId.c" produced "a.out"

The C compiler identification is GNU, found in "/home/chardetm/Projects/assasim/final/precompilation/build/CMakeFiles/3.5.1/CompilerIdC/a.out"

Compiling the CXX compiler identification source file "CMakeCXXCompilerId.cpp" succeeded.
Compiler: /usr/bin/c++ 
Build flags: 
Id flags: 

The output was:
0


Compilation of the CXX compiler identification source "CMakeCXXCompilerId.cpp" produced "a.out"

The CXX compiler identification is GNU, found in "/home/chardetm/Projects/assasim/final/precompilation/build/CMakeFiles/3.5.1/CompilerIdCXX/a.out"

Determining if the C compiler works passed with the following output:
Change Dir: /home/chardetm/Projects/assasim/final/precompilation/build/CMakeFiles/CMakeTmp

Run Build Command:"/usr/bin/make" "cmTC_8162e/fast"
/usr/bin/make -f CMakeFiles/cmTC_8162e.dir/build.make CMakeFiles/cmTC_8162e.dir/build
make[1] : on entre dans le répertoire « /home/chardetm/Projects/assasim/final/precompilation/build/CMakeFiles/CMakeTmp »
Building C object CMakeFiles/cmTC_8162e.dir/testCCompiler.c.o
/usr/bin/cc     -o CMakeFiles/cmTC_8162e.dir/testCCompiler.c.o   -c /home/chardetm/Projects/assasim/final/precompilation/build/CMakeFiles/CMakeTmp/testCCompiler.c
Linking C executable cmTC_8162e
/usr/bin/cmake -E cmake_link_script CMakeFiles/cmTC_8162e.dir/link.txt --verbose=1
/usr/bin/cc       CMakeFiles/cmTC_8162e.dir/testCCompiler.c.o  -o cmTC_8162e -rdynamic 
make[1] : on quitte le répertoire « /home/chardetm/Projects/assasim/final/precompilation/build/CMakeFiles/CMakeTmp »


Detecting C compiler ABI info compiled with the following output:
Change Dir: /home/chardetm/Projects/assasim/final/precompilation/build/CMakeFiles/CMakeTmp

Run Build Command:"/usr/bin/make" "cmTC_4bd0d/fast"
/usr/bin/make -f CMakeFiles/cmTC_4bd0d.dir/build.make CMakeFiles/cmTC_4bd0d.dir/build
make[1] : on entre dans le répertoire « /home/chardetm/Projects/assasim/final/precompilation/build/CMakeFiles/CMakeTmp »
Building C object CMakeFiles/cmTC_4bd0d.dir/CMakeCCompilerABI.c.o
/usr/bin/cc     -o CMakeFiles/cmTC_4bd0d.dir/CMakeCCompilerABI.c.o   -c /usr/share/cmake-3.5/Modules/CMakeCCompilerABI.c
Linking C executable cmTC_4bd0d
/usr/bin/cmake -E cmake_link_script CMakeFiles/cmTC_4bd0d.dir/link.txt --verbose=1
/usr/bin/cc      -v CMakeFiles/cmTC_4bd0d.dir/CMakeCCompilerABI.c.o  -o cmTC_4bd0d -rdynamic  
Utilisation des specs internes.
COLLECT_GCC=/usr/bin/cc
COLLECT_LTO_WRAPPER=/usr/lib/gcc/x86_64-unknown-linux-gnu/5.3.0/lto-wrapper
Cible : x86_64-unknown-linux-gnu
Configuré avec: /build/gcc/src/gcc-5-20160209/configure --prefix=/usr --libdir=/usr/lib --libexecdir=/usr/lib --mandir=/usr/share/man --infodir=/usr/share/info --with-bugurl=https://bugs.archlinux.org/ --enable-languages=c,c++,ada,fortran,go,lto,objc,obj-c++ --enable-shared --enable-threads=posix --enable-libmpx --with-system-zlib --with-isl --enable-__cxa_atexit --disable-libunwind-exceptions --enable-clocale=gnu --disable-libstdcxx-pch --disable-libssp --enable-gnu-unique-object --enable-linker-build-id --enable-lto --enable-plugin --enable-install-libiberty --with-linker-hash-style=gnu --enable-gnu-indirect-function --disable-multilib --disable-werror --enable-checking=release
Modèle de thread: posix
gcc version 5.3.0 (GCC) 
COMPILER_PATH=/usr/lib/gcc/x86_64-unknown-linux-gnu/5.3.0/:/usr/lib/gcc/x86_64-unknown-linux-gnu/5.3.0/:/usr/lib/gcc/x86_64-unknown-linux-gnu/:/usr/lib/gcc/x86_64-unknown-linux-gnu/5.3.0/:/usr/lib/gcc/x86_64-unknown-linux-gnu/
LIBRARY_PATH=/usr/lib/gcc/x86_64-unknown-linux-gnu/5.3.0/:/usr/lib/gcc/x86_64-unknown-linux-gnu/5.3.0/../../../../lib/:/lib/../lib/:/usr/lib/../lib/:/usr/lib/gcc/x86_64-unknown-linux-gnu/5.3.0/../../../:/lib/:/usr/lib/
COLLECT_GCC_OPTIONS='-v' '-o' 'cmTC_4bd0d' '-rdynamic' '-mtune=generic' '-march=x86-64'
 /usr/lib/gcc/x86_64-unknown-linux-gnu/5.3.0/collect2 -plugin /usr/lib/gcc/x86_64-unknown-linux-gnu/5.3.0/liblto_plugin.so -plugin-opt=/usr/lib/gcc/x86_64-unknown-linux-gnu/5.3.0/lto-wrapper -plugin-opt=-fresolution=/tmp/ccwAhAdU.res -plugin-opt=-pass-through=-lgcc -plugin-opt=-pass-through=-lgcc_s -plugin-opt=-pass-through=-lc -plugin-opt=-pass-through=-lgcc -plugin-opt=-pass-through=-lgcc_s --build-id --eh-frame-hdr --hash-style=gnu -m elf_x86_64 -export-dynamic -dynamic-linker /lib64/ld-linux-x86-64.so.2 -o cmTC_4bd0d /usr/lib/gcc/x86_64-unknown-linux-gnu/5.3.0/../../../../lib/crt1.o /usr/lib/gcc/x86_64-unknown-linux-gnu/5.3.0/../../../../lib/crti.o /usr/lib/gcc/x86_64-unknown-linux-gnu/5.3.0/crtbegin.o -L/usr/lib/gcc/x86_64-unknown-linux-gnu/5.3.0 -L/usr/lib/gcc/x86_64-unknown-linux-gnu/5.3.0/../../../../lib -L/lib/../lib -L/usr/lib/../lib -L/usr/lib/gcc/x86_64-unknown-linux-gnu/5.3.0/../../.. CMakeFiles/cmTC_4bd0d.dir/CMakeCCompilerABI.c.o -lgcc --as-needed -lgcc_s --no-as-needed -lc -lgcc --as-needed -lgcc_s --no-as-needed /usr/lib/gcc/x86_64-unknown-linux-gnu/5.3.0/crtend.o /usr/lib/gcc/x86_64-unknown-linux-gnu/5.3.0/../../../../lib/crtn.o
make[1] : on quitte le répertoire « /home/chardetm/Projects/assasim/final/precompilation/build/CMakeFiles/CMakeTmp »


Parsed C implicit link information from above output:
  link line regex: [^( *|.*[/\])(ld|([^/\]+-)?ld|collect2)[^/\]*( |$)]
  ignore line: [Change Dir: /home/chardetm/Projects/assasim/final/precompilation/build/CMakeFiles/CMakeTmp]
  ignore line: []
  ignore line: [Run Build Command:"/usr/bin/make" "cmTC_4bd0d/fast"]
  ignore line: [/usr/bin/make -f CMakeFiles/cmTC_4bd0d.dir/build.make CMakeFiles/cmTC_4bd0d.dir/build]
  ignore line: [make[1] : on entre dans le répertoire « /home/chardetm/Projects/assasim/final/precompilation/build/CMakeFiles/CMakeTmp »]
  ignore line: [Building C object CMakeFiles/cmTC_4bd0d.dir/CMakeCCompilerABI.c.o]
  ignore line: [/usr/bin/cc     -o CMakeFiles/cmTC_4bd0d.dir/CMakeCCompilerABI.c.o   -c /usr/share/cmake-3.5/Modules/CMakeCCompilerABI.c]
  ignore line: [Linking C executable cmTC_4bd0d]
  ignore line: [/usr/bin/cmake -E cmake_link_script CMakeFiles/cmTC_4bd0d.dir/link.txt --verbose=1]
  ignore line: [/usr/bin/cc      -v CMakeFiles/cmTC_4bd0d.dir/CMakeCCompilerABI.c.o  -o cmTC_4bd0d -rdynamic  ]
  ignore line: [Utilisation des specs internes.]
  ignore line: [COLLECT_GCC=/usr/bin/cc]
  ignore line: [COLLECT_LTO_WRAPPER=/usr/lib/gcc/x86_64-unknown-linux-gnu/5.3.0/lto-wrapper]
  ignore line: [Cible : x86_64-unknown-linux-gnu]
  ignore line: [Configuré avec: /build/gcc/src/gcc-5-20160209/configure --prefix=/usr --libdir=/usr/lib --libexecdir=/usr/lib --mandir=/usr/share/man --infodir=/usr/share/info --with-bugurl=https://bugs.archlinux.org/ --enable-languages=c,c++,ada,fortran,go,lto,objc,obj-c++ --enable-shared --enable-threads=posix --enable-libmpx --with-system-zlib --with-isl --enable-__cxa_atexit --disable-libunwind-exceptions --enable-clocale=gnu --disable-libstdcxx-pch --disable-libssp --enable-gnu-unique-object --enable-linker-build-id --enable-lto --enable-plugin --enable-install-libiberty --with-linker-hash-style=gnu --enable-gnu-indirect-function --disable-multilib --disable-werror --enable-checking=release]
  ignore line: [Modèle de thread: posix]
  ignore line: [gcc version 5.3.0 (GCC) ]
  ignore line: [COMPILER_PATH=/usr/lib/gcc/x86_64-unknown-linux-gnu/5.3.0/:/usr/lib/gcc/x86_64-unknown-linux-gnu/5.3.0/:/usr/lib/gcc/x86_64-unknown-linux-gnu/:/usr/lib/gcc/x86_64-unknown-linux-gnu/5.3.0/:/usr/lib/gcc/x86_64-unknown-linux-gnu/]
  ignore line: [LIBRARY_PATH=/usr/lib/gcc/x86_64-unknown-linux-gnu/5.3.0/:/usr/lib/gcc/x86_64-unknown-linux-gnu/5.3.0/../../../../lib/:/lib/../lib/:/usr/lib/../lib/:/usr/lib/gcc/x86_64-unknown-linux-gnu/5.3.0/../../../:/lib/:/usr/lib/]
  ignore line: [COLLECT_GCC_OPTIONS='-v' '-o' 'cmTC_4bd0d' '-rdynamic' '-mtune=generic' '-march=x86-64']
  link line: [ /usr/lib/gcc/x86_64-unknown-linux-gnu/5.3.0/collect2 -plugin /usr/lib/gcc/x86_64-unknown-linux-gnu/5.3.0/liblto_plugin.so -plugin-opt=/usr/lib/gcc/x86_64-unknown-linux-gnu/5.3.0/lto-wrapper -plugin-opt=-fresolution=/tmp/ccwAhAdU.res -plugin-opt=-pass-through=-lgcc -plugin-opt=-pass-through=-lgcc_s -plugin-opt=-pass-through=-lc -plugin-opt=-pass-through=-lgcc -plugin-opt=-pass-through=-lgcc_s --build-id --eh-frame-hdr --hash-style=gnu -m elf_x86_64 -export-dynamic -dynamic-linker /lib64/ld-linux-x86-64.so.2 -o cmTC_4bd0d /usr/lib/gcc/x86_64-unknown-linux-gnu/5.3.0/../../../../lib/crt1.o /usr/lib/gcc/x86_64-unknown-linux-gnu/5.3.0/../../../../lib/crti.o /usr/lib/gcc/x86_64-unknown-linux-gnu/5.3.0/crtbegin.o -L/usr/lib/gcc/x86_64-unknown-linux-gnu/5.3.0 -L/usr/lib/gcc/x86_64-unknown-linux-gnu/5.3.0/../../../../lib -L/lib/../lib -L/usr/lib/../lib -L/usr/lib/gcc/x86_64-unknown-linux-gnu/5.3.0/../../.. CMakeFiles/cmTC_4bd0d.dir/CMakeCCompilerABI.c.o -lgcc --as-needed -lgcc_s --no-as-needed -lc -lgcc --as-needed -lgcc_s --no-as-needed /usr/lib/gcc/x86_64-unknown-linux-gnu/5.3.0/crtend.o /usr/lib/gcc/x86_64-unknown-linux-gnu/5.3.0/../../../../lib/crtn.o]
    arg [/usr/lib/gcc/x86_64-unknown-linux-gnu/5.3.0/collect2] ==> ignore
    arg [-plugin] ==> ignore
    arg [/usr/lib/gcc/x86_64-unknown-linux-gnu/5.3.0/liblto_plugin.so] ==> ignore
    arg [-plugin-opt=/usr/lib/gcc/x86_64-unknown-linux-gnu/5.3.0/lto-wrapper] ==> ignore
    arg [-plugin-opt=-fresolution=/tmp/ccwAhAdU.res] ==> ignore
    arg [-plugin-opt=-pass-through=-lgcc] ==> ignore
    arg [-plugin-opt=-pass-through=-lgcc_s] ==> ignore
    arg [-plugin-opt=-pass-through=-lc] ==> ignore
    arg [-plugin-opt=-pass-through=-lgcc] ==> ignore
    arg [-plugin-opt=-pass-through=-lgcc_s] ==> ignore
    arg [--build-id] ==> ignore
    arg [--eh-frame-hdr] ==> ignore
    arg [--hash-style=gnu] ==> ignore
    arg [-m] ==> ignore
    arg [elf_x86_64] ==> ignore
    arg [-export-dynamic] ==> ignore
    arg [-dynamic-linker] ==> ignore
    arg [/lib64/ld-linux-x86-64.so.2] ==> ignore
    arg [-o] ==> ignore
    arg [cmTC_4bd0d] ==> ignore
    arg [/usr/lib/gcc/x86_64-unknown-linux-gnu/5.3.0/../../../../lib/crt1.o] ==> ignore
    arg [/usr/lib/gcc/x86_64-unknown-linux-gnu/5.3.0/../../../../lib/crti.o] ==> ignore
    arg [/usr/lib/gcc/x86_64-unknown-linux-gnu/5.3.0/crtbegin.o] ==> ignore
    arg [-L/usr/lib/gcc/x86_64-unknown-linux-gnu/5.3.0] ==> dir [/usr/lib/gcc/x86_64-unknown-linux-gnu/5.3.0]
    arg [-L/usr/lib/gcc/x86_64-unknown-linux-gnu/5.3.0/../../../../lib] ==> dir [/usr/lib/gcc/x86_64-unknown-linux-gnu/5.3.0/../../../../lib]
    arg [-L/lib/../lib] ==> dir [/lib/../lib]
    arg [-L/usr/lib/../lib] ==> dir [/usr/lib/../lib]
    arg [-L/usr/lib/gcc/x86_64-unknown-linux-gnu/5.3.0/../../..] ==> dir [/usr/lib/gcc/x86_64-unknown-linux-gnu/5.3.0/../../..]
    arg [CMakeFiles/cmTC_4bd0d.dir/CMakeCCompilerABI.c.o] ==> ignore
    arg [-lgcc] ==> lib [gcc]
    arg [--as-needed] ==> ignore
    arg [-lgcc_s] ==> lib [gcc_s]
    arg [--no-as-needed] ==> ignore
    arg [-lc] ==> lib [c]
    arg [-lgcc] ==> lib [gcc]
    arg [--as-needed] ==> ignore
    arg [-lgcc_s] ==> lib [gcc_s]
    arg [--no-as-needed] ==> ignore
    arg [/usr/lib/gcc/x86_64-unknown-linux-gnu/5.3.0/crtend.o] ==> ignore
    arg [/usr/lib/gcc/x86_64-unknown-linux-gnu/5.3.0/../../../../lib/crtn.o] ==> ignore
  remove lib [gcc]
  remove lib [gcc_s]
  remove lib [gcc]
  remove lib [gcc_s]
  collapse library dir [/usr/lib/gcc/x86_64-unknown-linux-gnu/5.3.0] ==> [/usr/lib/gcc/x86_64-unknown-linux-gnu/5.3.0]
  collapse library dir [/usr/lib/gcc/x86_64-unknown-linux-gnu/5.3.0/../../../../lib] ==> [/usr/lib]
  collapse library dir [/lib/../lib] ==> [/lib]
  collapse library dir [/usr/lib/../lib] ==> [/usr/lib]
  collapse library dir [/usr/lib/gcc/x86_64-unknown-linux-gnu/5.3.0/../../..] ==> [/usr/lib]
  implicit libs: [c]
  implicit dirs: [/usr/lib/gcc/x86_64-unknown-linux-gnu/5.3.0;/usr/lib;/lib]
  implicit fwks: []




Detecting C [-std=c11] compiler features compiled with the following output:
Change Dir: /home/chardetm/Projects/assasim/final/precompilation/build/CMakeFiles/CMakeTmp

Run Build Command:"/usr/bin/make" "cmTC_d4d0a/fast"
/usr/bin/make -f CMakeFiles/cmTC_d4d0a.dir/build.make CMakeFiles/cmTC_d4d0a.dir/build
make[1] : on entre dans le répertoire « /home/chardetm/Projects/assasim/final/precompilation/build/CMakeFiles/CMakeTmp »
Building C object CMakeFiles/cmTC_d4d0a.dir/feature_tests.c.o
/usr/bin/cc    -std=c11 -o CMakeFiles/cmTC_d4d0a.dir/feature_tests.c.o   -c /home/chardetm/Projects/assasim/final/precompilation/build/CMakeFiles/feature_tests.c
Linking C executable cmTC_d4d0a
/usr/bin/cmake -E cmake_link_script CMakeFiles/cmTC_d4d0a.dir/link.txt --verbose=1
/usr/bin/cc       CMakeFiles/cmTC_d4d0a.dir/feature_tests.c.o  -o cmTC_d4d0a -rdynamic 
make[1] : on quitte le répertoire « /home/chardetm/Projects/assasim/final/precompilation/build/CMakeFiles/CMakeTmp »


    Feature record: C_FEATURE:1c_function_prototypes
    Feature record: C_FEATURE:1c_restrict
    Feature record: C_FEATURE:1c_static_assert
    Feature record: C_FEATURE:1c_variadic_macros


Detecting C [-std=c99] compiler features compiled with the following output:
Change Dir: /home/chardetm/Projects/assasim/final/precompilation/build/CMakeFiles/CMakeTmp

Run Build Command:"/usr/bin/make" "cmTC_29b0c/fast"
/usr/bin/make -f CMakeFiles/cmTC_29b0c.dir/build.make CMakeFiles/cmTC_29b0c.dir/build
make[1] : on entre dans le répertoire « /home/chardetm/Projects/assasim/final/precompilation/build/CMakeFiles/CMakeTmp »
Building C object CMakeFiles/cmTC_29b0c.dir/feature_tests.c.o
/usr/bin/cc    -std=c99 -o CMakeFiles/cmTC_29b0c.dir/feature_tests.c.o   -c /home/chardetm/Projects/assasim/final/precompilation/build/CMakeFiles/feature_tests.c
Linking C executable cmTC_29b0c
/usr/bin/cmake -E cmake_link_script CMakeFiles/cmTC_29b0c.dir/link.txt --verbose=1
/usr/bin/cc       CMakeFiles/cmTC_29b0c.dir/feature_tests.c.o  -o cmTC_29b0c -rdynamic 
make[1] : on quitte le répertoire « /home/chardetm/Projects/assasim/final/precompilation/build/CMakeFiles/CMakeTmp »


    Feature record: C_FEATURE:1c_function_prototypes
    Feature record: C_FEATURE:1c_restrict
    Feature record: C_FEATURE:0c_static_assert
    Feature record: C_FEATURE:1c_variadic_macros


Detecting C [-std=c90] compiler features compiled with the following output:
Change Dir: /home/chardetm/Projects/assasim/final/precompilation/build/CMakeFiles/CMakeTmp

Run Build Command:"/usr/bin/make" "cmTC_87c84/fast"
/usr/bin/make -f CMakeFiles/cmTC_87c84.dir/build.make CMakeFiles/cmTC_87c84.dir/build
make[1] : on entre dans le répertoire « /home/chardetm/Projects/assasim/final/precompilation/build/CMakeFiles/CMakeTmp »
Building C object CMakeFiles/cmTC_87c84.dir/feature_tests.c.o
/usr/bin/cc    -std=c90 -o CMakeFiles/cmTC_87c84.dir/feature_tests.c.o   -c /home/chardetm/Projects/assasim/final/precompilation/build/CMakeFiles/feature_tests.c
Linking C executable cmTC_87c84
/usr/bin/cmake -E cmake_link_script CMakeFiles/cmTC_87c84.dir/link.txt --verbose=1
/usr/bin/cc       CMakeFiles/cmTC_87c84.dir/feature_tests.c.o  -o cmTC_87c84 -rdynamic 
make[1] : on quitte le répertoire « /home/chardetm/Projects/assasim/final/precompilation/build/CMakeFiles/CMakeTmp »


    Feature record: C_FEATURE:1c_function_prototypes
    Feature record: C_FEATURE:0c_restrict
    Feature record: C_FEATURE:0c_static_assert
    Feature record: C_FEATURE:0c_variadic_macros
Determining if the CXX compiler works passed with the following output:
Change Dir: /home/chardetm/Projects/assasim/final/precompilation/build/CMakeFiles/CMakeTmp

Run Build Command:"/usr/bin/make" "cmTC_ad5ad/fast"
/usr/bin/make -f CMakeFiles/cmTC_ad5ad.dir/build.make CMakeFiles/cmTC_ad5ad.dir/build
make[1] : on entre dans le répertoire « /home/chardetm/Projects/assasim/final/precompilation/build/CMakeFiles/CMakeTmp »
Building CXX object CMakeFiles/cmTC_ad5ad.dir/testCXXCompiler.cxx.o
/usr/bin/c++      -o CMakeFiles/cmTC_ad5ad.dir/testCXXCompiler.cxx.o -c /home/chardetm/Projects/assasim/final/precompilation/build/CMakeFiles/CMakeTmp/testCXXCompiler.cxx
Linking CXX executable cmTC_ad5ad
/usr/bin/cmake -E cmake_link_script CMakeFiles/cmTC_ad5ad.dir/link.txt --verbose=1
/usr/bin/c++        CMakeFiles/cmTC_ad5ad.dir/testCXXCompiler.cxx.o  -o cmTC_ad5ad -rdynamic 
make[1] : on quitte le répertoire « /home/chardetm/Projects/assasim/final/precompilation/build/CMakeFiles/CMakeTmp »


Detecting CXX compiler ABI info compiled with the following output:
Change Dir: /home/chardetm/Projects/assasim/final/precompilation/build/CMakeFiles/CMakeTmp

Run Build Command:"/usr/bin/make" "cmTC_d41ac/fast"
/usr/bin/make -f CMakeFiles/cmTC_d41ac.dir/build.make CMakeFiles/cmTC_d41ac.dir/build
make[1] : on entre dans le répertoire « /home/chardetm/Projects/assasim/final/precompilation/build/CMakeFiles/CMakeTmp »
Building CXX object CMakeFiles/cmTC_d41ac.dir/CMakeCXXCompilerABI.cpp.o
/usr/bin/c++      -o CMakeFiles/cmTC_d41ac.dir/CMakeCXXCompilerABI.cpp.o -c /usr/share/cmake-3.5/Modules/CMakeCXXCompilerABI.cpp
Linking CXX executable cmTC_d41ac
/usr/bin/cmake -E cmake_link_script CMakeFiles/cmTC_d41ac.dir/link.txt --verbose=1
/usr/bin/c++       -v CMakeFiles/cmTC_d41ac.dir/CMakeCXXCompilerABI.cpp.o  -o cmTC_d41ac -rdynamic  
Utilisation des specs internes.
COLLECT_GCC=/usr/bin/c++
COLLECT_LTO_WRAPPER=/usr/lib/gcc/x86_64-unknown-linux-gnu/5.3.0/lto-wrapper
Cible : x86_64-unknown-linux-gnu
Configuré avec: /build/gcc/src/gcc-5-20160209/configure --prefix=/usr --libdir=/usr/lib --libexecdir=/usr/lib --mandir=/usr/share/man --infodir=/usr/share/info --with-bugurl=https://bugs.archlinux.org/ --enable-languages=c,c++,ada,fortran,go,lto,objc,obj-c++ --enable-shared --enable-threads=posix --enable-libmpx --with-system-zlib --with-isl --enable-__cxa_atexit --disable-libunwind-exceptions --enable-clocale=gnu --disable-libstdcxx-pch --disable-libssp --enable-gnu-unique-object --enable-linker-build-id --enable-lto --enable-plugin --enable-install-libiberty --with-linker-hash-style=gnu --enable-gnu-indirect-function --disable-multilib --disable-werror --enable-checking=release
Modèle de thread: posix
gcc version 5.3.0 (GCC) 
COMPILER_PATH=/usr/lib/gcc/x86_64-unknown-linux-gnu/5.3.0/:/usr/lib/gcc/x86_64-unknown-linux-gnu/5.3.0/:/usr/lib/gcc/x86_64-unknown-linux-gnu/:/usr/lib/gcc/x86_64-unknown-linux-gnu/5.3.0/:/usr/lib/gcc/x86_64-unknown-linux-gnu/
LIBRARY_PATH=/usr/lib/gcc/x86_64-unknown-linux-gnu/5.3.0/:/usr/lib/gcc/x86_64-unknown-linux-gnu/5.3.0/../../../../lib/:/lib/../lib/:/usr/lib/../lib/:/usr/lib/gcc/x86_64-unknown-linux-gnu/5.3.0/../../../:/lib/:/usr/lib/
COLLECT_GCC_OPTIONS='-v' '-o' 'cmTC_d41ac' '-rdynamic' '-shared-libgcc' '-mtune=generic' '-march=x86-64'
 /usr/lib/gcc/x86_64-unknown-linux-gnu/5.3.0/collect2 -plugin /usr/lib/gcc/x86_64-unknown-linux-gnu/5.3.0/liblto_plugin.so -plugin-opt=/usr/lib/gcc/x86_64-unknown-linux-gnu/5.3.0/lto-wrapper -plugin-opt=-fresolution=/tmp/ccOoj31h.res -plugin-opt=-pass-through=-lgcc_s -plugin-opt=-pass-through=-lgcc -plugin-opt=-pass-through=-lc -plugin-opt=-pass-through=-lgcc_s -plugin-opt=-pass-through=-lgcc --build-id --eh-frame-hdr --hash-style=gnu -m elf_x86_64 -export-dynamic -dynamic-linker /lib64/ld-linux-x86-64.so.2 -o cmTC_d41ac /usr/lib/gcc/x86_64-unknown-linux-gnu/5.3.0/../../../../lib/crt1.o /usr/lib/gcc/x86_64-unknown-linux-gnu/5.3.0/../../../../lib/crti.o /usr/lib/gcc/x86_64-unknown-linux-gnu/5.3.0/crtbegin.o -L/usr/lib/gcc/x86_64-unknown-linux-gnu/5.3.0 -L/usr/lib/gcc/x86_64-unknown-linux-gnu/5.3.0/../../../../lib -L/lib/../lib -L/usr/lib/../lib -L/usr/lib/gcc/x86_64-unknown-linux-gnu/5.3.0/../../.. CMakeFiles/cmTC_d41ac.dir/CMakeCXXCompilerABI.cpp.o -lstdc++ -lm -lgcc_s -lgcc -lc -lgcc_s -lgcc /usr/lib/gcc/x86_64-unknown-linux-gnu/5.3.0/crtend.o /usr/lib/gcc/x86_64-unknown-linux-gnu/5.3.0/../../../../lib/crtn.o
make[1] : on quitte le répertoire « /home/chardetm/Projects/assasim/final/precompilation/build/CMakeFiles/CMakeTmp »


Parsed CXX implicit link information from above output:
  link line regex: [^( *|.*[/\])(ld|([^/\]+-)?ld|collect2)[^/\]*( |$)]
  ignore line: [Change Dir: /home/chardetm/Projects/assasim/final/precompilation/build/CMakeFiles/CMakeTmp]
  ignore line: []
  ignore line: [Run Build Command:"/usr/bin/make" "cmTC_d41ac/fast"]
  ignore line: [/usr/bin/make -f CMakeFiles/cmTC_d41ac.dir/build.make CMakeFiles/cmTC_d41ac.dir/build]
  ignore line: [make[1] : on entre dans le répertoire « /home/chardetm/Projects/assasim/final/precompilation/build/CMakeFiles/CMakeTmp »]
  ignore line: [Building CXX object CMakeFiles/cmTC_d41ac.dir/CMakeCXXCompilerABI.cpp.o]
  ignore line: [/usr/bin/c++      -o CMakeFiles/cmTC_d41ac.dir/CMakeCXXCompilerABI.cpp.o -c /usr/share/cmake-3.5/Modules/CMakeCXXCompilerABI.cpp]
  ignore line: [Linking CXX executable cmTC_d41ac]
  ignore line: [/usr/bin/cmake -E cmake_link_script CMakeFiles/cmTC_d41ac.dir/link.txt --verbose=1]
  ignore line: [/usr/bin/c++       -v CMakeFiles/cmTC_d41ac.dir/CMakeCXXCompilerABI.cpp.o  -o cmTC_d41ac -rdynamic  ]
  ignore line: [Utilisation des specs internes.]
  ignore line: [COLLECT_GCC=/usr/bin/c++]
  ignore line: [COLLECT_LTO_WRAPPER=/usr/lib/gcc/x86_64-unknown-linux-gnu/5.3.0/lto-wrapper]
  ignore line: [Cible : x86_64-unknown-linux-gnu]
  ignore line: [Configuré avec: /build/gcc/src/gcc-5-20160209/configure --prefix=/usr --libdir=/usr/lib --libexecdir=/usr/lib --mandir=/usr/share/man --infodir=/usr/share/info --with-bugurl=https://bugs.archlinux.org/ --enable-languages=c,c++,ada,fortran,go,lto,objc,obj-c++ --enable-shared --enable-threads=posix --enable-libmpx --with-system-zlib --with-isl --enable-__cxa_atexit --disable-libunwind-exceptions --enable-clocale=gnu --disable-libstdcxx-pch --disable-libssp --enable-gnu-unique-object --enable-linker-build-id --enable-lto --enable-plugin --enable-install-libiberty --with-linker-hash-style=gnu --enable-gnu-indirect-function --disable-multilib --disable-werror --enable-checking=release]
  ignore line: [Modèle de thread: posix]
  ignore line: [gcc version 5.3.0 (GCC) ]
  ignore line: [COMPILER_PATH=/usr/lib/gcc/x86_64-unknown-linux-gnu/5.3.0/:/usr/lib/gcc/x86_64-unknown-linux-gnu/5.3.0/:/usr/lib/gcc/x86_64-unknown-linux-gnu/:/usr/lib/gcc/x86_64-unknown-linux-gnu/5.3.0/:/usr/lib/gcc/x86_64-unknown-linux-gnu/]
  ignore line: [LIBRARY_PATH=/usr/lib/gcc/x86_64-unknown-linux-gnu/5.3.0/:/usr/lib/gcc/x86_64-unknown-linux-gnu/5.3.0/../../../../lib/:/lib/../lib/:/usr/lib/../lib/:/usr/lib/gcc/x86_64-unknown-linux-gnu/5.3.0/../../../:/lib/:/usr/lib/]
  ignore line: [COLLECT_GCC_OPTIONS='-v' '-o' 'cmTC_d41ac' '-rdynamic' '-shared-libgcc' '-mtune=generic' '-march=x86-64']
  link line: [ /usr/lib/gcc/x86_64-unknown-linux-gnu/5.3.0/collect2 -plugin /usr/lib/gcc/x86_64-unknown-linux-gnu/5.3.0/liblto_plugin.so -plugin-opt=/usr/lib/gcc/x86_64-unknown-linux-gnu/5.3.0/lto-wrapper -plugin-opt=-fresolution=/tmp/ccOoj31h.res -plugin-opt=-pass-through=-lgcc_s -plugin-opt=-pass-through=-lgcc -plugin-opt=-pass-through=-lc -plugin-opt=-pass-through=-lgcc_s -plugin-opt=-pass-through=-lgcc --build-id --eh-frame-hdr --hash-style=gnu -m elf_x86_64 -export-dynamic -dynamic-linker /lib64/ld-linux-x86-64.so.2 -o cmTC_d41ac /usr/lib/gcc/x86_64-unknown-linux-gnu/5.3.0/../../../../lib/crt1.o /usr/lib/gcc/x86_64-unknown-linux-gnu/5.3.0/../../../../lib/crti.o /usr/lib/gcc/x86_64-unknown-linux-gnu/5.3.0/crtbegin.o -L/usr/lib/gcc/x86_64-unknown-linux-gnu/5.3.0 -L/usr/lib/gcc/x86_64-unknown-linux-gnu/5.3.0/../../../../lib -L/lib/../lib -L/usr/lib/../lib -L/usr/lib/gcc/x86_64-unknown-linux-gnu/5.3.0/../../.. CMakeFiles/cmTC_d41ac.dir/CMakeCXXCompilerABI.cpp.o -lstdc++ -lm -lgcc_s -lgcc -lc -lgcc_s -lgcc /usr/lib/gcc/x86_64-unknown-linux-gnu/5.3.0/crtend.o /usr/lib/gcc/x86_64-unknown-linux-gnu/5.3.0/../../../../lib/crtn.o]
    arg [/usr/lib/gcc/x86_64-unknown-linux-gnu/5.3.0/collect2] ==> ignore
    arg [-plugin] ==> ignore
    arg [/usr/lib/gcc/x86_64-unknown-linux-gnu/5.3.0/liblto_plugin.so] ==> ignore
    arg [-plugin-opt=/usr/lib/gcc/x86_64-unknown-linux-gnu/5.3.0/lto-wrapper] ==> ignore
    arg [-plugin-opt=-fresolution=/tmp/ccOoj31h.res] ==> ignore
    arg [-plugin-opt=-pass-through=-lgcc_s] ==> ignore
    arg [-plugin-opt=-pass-through=-lgcc] ==> ignore
    arg [-plugin-opt=-pass-through=-lc] ==> ignore
    arg [-plugin-opt=-pass-through=-lgcc_s] ==> ignore
    arg [-plugin-opt=-pass-through=-lgcc] ==> ignore
    arg [--build-id] ==> ignore
    arg [--eh-frame-hdr] ==> ignore
    arg [--hash-style=gnu] ==> ignore
    arg [-m] ==> ignore
    arg [elf_x86_64] ==> ignore
    arg [-export-dynamic] ==> ignore
    arg [-dynamic-linker] ==> ignore
    arg [/lib64/ld-linux-x86-64.so.2] ==> ignore
    arg [-o] ==> ignore
    arg [cmTC_d41ac] ==> ignore
    arg [/usr/lib/gcc/x86_64-unknown-linux-gnu/5.3.0/../../../../lib/crt1.o] ==> ignore
    arg [/usr/lib/gcc/x86_64-unknown-linux-gnu/5.3.0/../../../../lib/crti.o] ==> ignore
    arg [/usr/lib/gcc/x86_64-unknown-linux-gnu/5.3.0/crtbegin.o] ==> ignore
    arg [-L/usr/lib/gcc/x86_64-unknown-linux-gnu/5.3.0] ==> dir [/usr/lib/gcc/x86_64-unknown-linux-gnu/5.3.0]
    arg [-L/usr/lib/gcc/x86_64-unknown-linux-gnu/5.3.0/../../../../lib] ==> dir [/usr/lib/gcc/x86_64-unknown-linux-gnu/5.3.0/../../../../lib]
    arg [-L/lib/../lib] ==> dir [/lib/../lib]
    arg [-L/usr/lib/../lib] ==> dir [/usr/lib/../lib]
    arg [-L/usr/lib/gcc/x86_64-unknown-linux-gnu/5.3.0/../../..] ==> dir [/usr/lib/gcc/x86_64-unknown-linux-gnu/5.3.0/../../..]
    arg [CMakeFiles/cmTC_d41ac.dir/CMakeCXXCompilerABI.cpp.o] ==> ignore
    arg [-lstdc++] ==> lib [stdc++]
    arg [-lm] ==> lib [m]
    arg [-lgcc_s] ==> lib [gcc_s]
    arg [-lgcc] ==> lib [gcc]
    arg [-lc] ==> lib [c]
    arg [-lgcc_s] ==> lib [gcc_s]
    arg [-lgcc] ==> lib [gcc]
    arg [/usr/lib/gcc/x86_64-unknown-linux-gnu/5.3.0/crtend.o] ==> ignore
    arg [/usr/lib/gcc/x86_64-unknown-linux-gnu/5.3.0/../../../../lib/crtn.o] ==> ignore
  remove lib [gcc_s]
  remove lib [gcc]
  remove lib [gcc_s]
  remove lib [gcc]
  collapse library dir [/usr/lib/gcc/x86_64-unknown-linux-gnu/5.3.0] ==> [/usr/lib/gcc/x86_64-unknown-linux-gnu/5.3.0]
  collapse library dir [/usr/lib/gcc/x86_64-unknown-linux-gnu/5.3.0/../../../../lib] ==> [/usr/lib]
  collapse library dir [/lib/../lib] ==> [/lib]
  collapse library dir [/usr/lib/../lib] ==> [/usr/lib]
  collapse library dir [/usr/lib/gcc/x86_64-unknown-linux-gnu/5.3.0/../../..] ==> [/usr/lib]
  implicit libs: [stdc++;m;c]
  implicit dirs: [/usr/lib/gcc/x86_64-unknown-linux-gnu/5.3.0;/usr/lib;/lib]
  implicit fwks: []




Detecting CXX [-std=c++14] compiler features compiled with the following output:
Change Dir: /home/chardetm/Projects/assasim/final/precompilation/build/CMakeFiles/CMakeTmp

Run Build Command:"/usr/bin/make" "cmTC_e240c/fast"
/usr/bin/make -f CMakeFiles/cmTC_e240c.dir/build.make CMakeFiles/cmTC_e240c.dir/build
make[1] : on entre dans le répertoire « /home/chardetm/Projects/assasim/final/precompilation/build/CMakeFiles/CMakeTmp »
Building CXX object CMakeFiles/cmTC_e240c.dir/feature_tests.cxx.o
/usr/bin/c++     -std=c++14 -o CMakeFiles/cmTC_e240c.dir/feature_tests.cxx.o -c /home/chardetm/Projects/assasim/final/precompilation/build/CMakeFiles/feature_tests.cxx
Linking CXX executable cmTC_e240c
/usr/bin/cmake -E cmake_link_script CMakeFiles/cmTC_e240c.dir/link.txt --verbose=1
/usr/bin/c++        CMakeFiles/cmTC_e240c.dir/feature_tests.cxx.o  -o cmTC_e240c -rdynamic 
make[1] : on quitte le répertoire « /home/chardetm/Projects/assasim/final/precompilation/build/CMakeFiles/CMakeTmp »


    Feature record: CXX_FEATURE:1cxx_aggregate_default_initializers
    Feature record: CXX_FEATURE:1cxx_alias_templates
    Feature record: CXX_FEATURE:1cxx_alignas
    Feature record: CXX_FEATURE:1cxx_alignof
    Feature record: CXX_FEATURE:1cxx_attributes
    Feature record: CXX_FEATURE:1cxx_attribute_deprecated
    Feature record: CXX_FEATURE:1cxx_auto_type
    Feature record: CXX_FEATURE:1cxx_binary_literals
    Feature record: CXX_FEATURE:1cxx_constexpr
    Feature record: CXX_FEATURE:1cxx_contextual_conversions
    Feature record: CXX_FEATURE:1cxx_decltype
    Feature record: CXX_FEATURE:1cxx_decltype_auto
    Feature record: CXX_FEATURE:1cxx_decltype_incomplete_return_types
    Feature record: CXX_FEATURE:1cxx_default_function_template_args
    Feature record: CXX_FEATURE:1cxx_defaulted_functions
    Feature record: CXX_FEATURE:1cxx_defaulted_move_initializers
    Feature record: CXX_FEATURE:1cxx_delegating_constructors
    Feature record: CXX_FEATURE:1cxx_deleted_functions
    Feature record: CXX_FEATURE:1cxx_digit_separators
    Feature record: CXX_FEATURE:1cxx_enum_forward_declarations
    Feature record: CXX_FEATURE:1cxx_explicit_conversions
    Feature record: CXX_FEATURE:1cxx_extended_friend_declarations
    Feature record: CXX_FEATURE:1cxx_extern_templates
    Feature record: CXX_FEATURE:1cxx_final
    Feature record: CXX_FEATURE:1cxx_func_identifier
    Feature record: CXX_FEATURE:1cxx_generalized_initializers
    Feature record: CXX_FEATURE:1cxx_generic_lambdas
    Feature record: CXX_FEATURE:1cxx_inheriting_constructors
    Feature record: CXX_FEATURE:1cxx_inline_namespaces
    Feature record: CXX_FEATURE:1cxx_lambdas
    Feature record: CXX_FEATURE:1cxx_lambda_init_captures
    Feature record: CXX_FEATURE:1cxx_local_type_template_args
    Feature record: CXX_FEATURE:1cxx_long_long_type
    Feature record: CXX_FEATURE:1cxx_noexcept
    Feature record: CXX_FEATURE:1cxx_nonstatic_member_init
    Feature record: CXX_FEATURE:1cxx_nullptr
    Feature record: CXX_FEATURE:1cxx_override
    Feature record: CXX_FEATURE:1cxx_range_for
    Feature record: CXX_FEATURE:1cxx_raw_string_literals
    Feature record: CXX_FEATURE:1cxx_reference_qualified_functions
    Feature record: CXX_FEATURE:1cxx_relaxed_constexpr
    Feature record: CXX_FEATURE:1cxx_return_type_deduction
    Feature record: CXX_FEATURE:1cxx_right_angle_brackets
    Feature record: CXX_FEATURE:1cxx_rvalue_references
    Feature record: CXX_FEATURE:1cxx_sizeof_member
    Feature record: CXX_FEATURE:1cxx_static_assert
    Feature record: CXX_FEATURE:1cxx_strong_enums
    Feature record: CXX_FEATURE:1cxx_template_template_parameters
    Feature record: CXX_FEATURE:1cxx_thread_local
    Feature record: CXX_FEATURE:1cxx_trailing_return_types
    Feature record: CXX_FEATURE:1cxx_unicode_literals
    Feature record: CXX_FEATURE:1cxx_uniform_initialization
    Feature record: CXX_FEATURE:1cxx_unrestricted_unions
    Feature record: CXX_FEATURE:1cxx_user_literals
    Feature record: CXX_FEATURE:1cxx_variable_templates
    Feature record: CXX_FEATURE:1cxx_variadic_macros
    Feature record: CXX_FEATURE:1cxx_variadic_templates


Detecting CXX [-std=c++11] compiler features compiled with the following output:
Change Dir: /home/chardetm/Projects/assasim/final/precompilation/build/CMakeFiles/CMakeTmp

Run Build Command:"/usr/bin/make" "cmTC_cf00b/fast"
/usr/bin/make -f CMakeFiles/cmTC_cf00b.dir/build.make CMakeFiles/cmTC_cf00b.dir/build
make[1] : on entre dans le répertoire « /home/chardetm/Projects/assasim/final/precompilation/build/CMakeFiles/CMakeTmp »
Building CXX object CMakeFiles/cmTC_cf00b.dir/feature_tests.cxx.o
/usr/bin/c++     -std=c++11 -o CMakeFiles/cmTC_cf00b.dir/feature_tests.cxx.o -c /home/chardetm/Projects/assasim/final/precompilation/build/CMakeFiles/feature_tests.cxx
Linking CXX executable cmTC_cf00b
/usr/bin/cmake -E cmake_link_script CMakeFiles/cmTC_cf00b.dir/link.txt --verbose=1
/usr/bin/c++        CMakeFiles/cmTC_cf00b.dir/feature_tests.cxx.o  -o cmTC_cf00b -rdynamic 
make[1] : on quitte le répertoire « /home/chardetm/Projects/assasim/final/precompilation/build/CMakeFiles/CMakeTmp »


    Feature record: CXX_FEATURE:0cxx_aggregate_default_initializers
    Feature record: CXX_FEATURE:1cxx_alias_templates
    Feature record: CXX_FEATURE:1cxx_alignas
    Feature record: CXX_FEATURE:1cxx_alignof
    Feature record: CXX_FEATURE:1cxx_attributes
    Feature record: CXX_FEATURE:0cxx_attribute_deprecated
    Feature record: CXX_FEATURE:1cxx_auto_type
    Feature record: CXX_FEATURE:0cxx_binary_literals
    Feature record: CXX_FEATURE:1cxx_constexpr
    Feature record: CXX_FEATURE:0cxx_contextual_conversions
    Feature record: CXX_FEATURE:1cxx_decltype
    Feature record: CXX_FEATURE:0cxx_decltype_auto
    Feature record: CXX_FEATURE:1cxx_decltype_incomplete_return_types
    Feature record: CXX_FEATURE:1cxx_default_function_template_args
    Feature record: CXX_FEATURE:1cxx_defaulted_functions
    Feature record: CXX_FEATURE:1cxx_defaulted_move_initializers
    Feature record: CXX_FEATURE:1cxx_delegating_constructors
    Feature record: CXX_FEATURE:1cxx_deleted_functions
    Feature record: CXX_FEATURE:0cxx_digit_separators
    Feature record: CXX_FEATURE:1cxx_enum_forward_declarations
    Feature record: CXX_FEATURE:1cxx_explicit_conversions
    Feature record: CXX_FEATURE:1cxx_extended_friend_declarations
    Feature record: CXX_FEATURE:1cxx_extern_templates
    Feature record: CXX_FEATURE:1cxx_final
    Feature record: CXX_FEATURE:1cxx_func_identifier
    Feature record: CXX_FEATURE:1cxx_generalized_initializers
    Feature record: CXX_FEATURE:0cxx_generic_lambdas
    Feature record: CXX_FEATURE:1cxx_inheriting_constructors
    Feature record: CXX_FEATURE:1cxx_inline_namespaces
    Feature record: CXX_FEATURE:1cxx_lambdas
    Feature record: CXX_FEATURE:0cxx_lambda_init_captures
    Feature record: CXX_FEATURE:1cxx_local_type_template_args
    Feature record: CXX_FEATURE:1cxx_long_long_type
    Feature record: CXX_FEATURE:1cxx_noexcept
    Feature record: CXX_FEATURE:1cxx_nonstatic_member_init
    Feature record: CXX_FEATURE:1cxx_nullptr
    Feature record: CXX_FEATURE:1cxx_override
    Feature record: CXX_FEATURE:1cxx_range_for
    Feature record: CXX_FEATURE:1cxx_raw_string_literals
    Feature record: CXX_FEATURE:1cxx_reference_qualified_functions
    Feature record: CXX_FEATURE:0cxx_relaxed_constexpr
    Feature record: CXX_FEATURE:0cxx_return_type_deduction
    Feature record: CXX_FEATURE:1cxx_right_angle_brackets
    Feature record: CXX_FEATURE:1cxx_rvalue_references
    Feature record: CXX_FEATURE:1cxx_sizeof_member
    Feature record: CXX_FEATURE:1cxx_static_assert
    Feature record: CXX_FEATURE:1cxx_strong_enums
    Feature record: CXX_FEATURE:1cxx_template_template_parameters
    Feature record: CXX_FEATURE:1cxx_thread_local
    Feature record: CXX_FEATURE:1cxx_trailing_return_types
    Feature record: CXX_FEATURE:1cxx_unicode_literals
    Feature record: CXX_FEATURE:1cxx_uniform_initialization
    Feature record: CXX_FEATURE:1cxx_unrestricted_unions
    Feature record: CXX_FEATURE:1cxx_user_literals
    Feature record: CXX_FEATURE:0cxx_variable_templates
    Feature record: CXX_FEATURE:1cxx_variadic_macros
    Feature record: CXX_FEATURE:1cxx_variadic_templates


Detecting CXX [-std=c++98] compiler features compiled with the following output:
Change Dir: /home/chardetm/Projects/assasim/final/precompilation/build/CMakeFiles/CMakeTmp

Run Build Command:"/usr/bin/make" "cmTC_b5658/fast"
/usr/bin/make -f CMakeFiles/cmTC_b5658.dir/build.make CMakeFiles/cmTC_b5658.dir/build
make[1] : on entre dans le répertoire « /home/chardetm/Projects/assasim/final/precompilation/build/CMakeFiles/CMakeTmp »
Building CXX object CMakeFiles/cmTC_b5658.dir/feature_tests.cxx.o
/usr/bin/c++     -std=c++98 -o CMakeFiles/cmTC_b5658.dir/feature_tests.cxx.o -c /home/chardetm/Projects/assasim/final/precompilation/build/CMakeFiles/feature_tests.cxx
Linking CXX executable cmTC_b5658
/usr/bin/cmake -E cmake_link_script CMakeFiles/cmTC_b5658.dir/link.txt --verbose=1
/usr/bin/c++        CMakeFiles/cmTC_b5658.dir/feature_tests.cxx.o  -o cmTC_b5658 -rdynamic 
make[1] : on quitte le répertoire « /home/chardetm/Projects/assasim/final/precompilation/build/CMakeFiles/CMakeTmp »


    Feature record: CXX_FEATURE:0cxx_aggregate_default_initializers
    Feature record: CXX_FEATURE:0cxx_alias_templates
    Feature record: CXX_FEATURE:0cxx_alignas
    Feature record: CXX_FEATURE:0cxx_alignof
    Feature record: CXX_FEATURE:0cxx_attributes
    Feature record: CXX_FEATURE:0cxx_attribute_deprecated
    Feature record: CXX_FEATURE:0cxx_auto_type
    Feature record: CXX_FEATURE:0cxx_binary_literals
    Feature record: CXX_FEATURE:0cxx_constexpr
    Feature record: CXX_FEATURE:0cxx_contextual_conversions
    Feature record: CXX_FEATURE:0cxx_decltype
    Feature record: CXX_FEATURE:0cxx_decltype_auto
    Feature record: CXX_FEATURE:0cxx_decltype_incomplete_return_types
    Feature record: CXX_FEATURE:0cxx_default_function_template_args
    Feature record: CXX_FEATURE:0cxx_defaulted_functions
    Feature record: CXX_FEATURE:0cxx_defaulted_move_initializers
    Feature record: CXX_FEATURE:0cxx_delegating_constructors
    Feature record: CXX_FEATURE:0cxx_deleted_functions
    Feature record: CXX_FEATURE:0cxx_digit_separators
    Feature record: CXX_FEATURE:0cxx_enum_forward_declarations
    Feature record: CXX_FEATURE:0cxx_explicit_conversions
    Feature record: CXX_FEATURE:0cxx_extended_friend_declarations
    Feature record: CXX_FEATURE:0cxx_extern_templates
    Feature record: CXX_FEATURE:0cxx_final
    Feature record: CXX_FEATURE:0cxx_func_identifier
    Feature record: CXX_FEATURE:0cxx_generalized_initializers
    Feature record: CXX_FEATURE:0cxx_generic_lambdas
    Feature record: CXX_FEATURE:0cxx_inheriting_constructors
    Feature record: CXX_FEATURE:0cxx_inline_namespaces
    Feature record: CXX_FEATURE:0cxx_lambdas
    Feature record: CXX_FEATURE:0cxx_lambda_init_captures
    Feature record: CXX_FEATURE:0cxx_local_type_template_args
    Feature record: CXX_FEATURE:0cxx_long_long_type
    Feature record: CXX_FEATURE:0cxx_noexcept
    Feature record: CXX_FEATURE:0cxx_nonstatic_member_init
    Feature record: CXX_FEATURE:0cxx_nullptr
    Feature record: CXX_FEATURE:0cxx_override
    Feature record: CXX_FEATURE:0cxx_range_for
    Feature record: CXX_FEATURE:0cxx_raw_string_literals
    Feature record: CXX_FEATURE:0cxx_reference_qualified_functions
    Feature record: CXX_FEATURE:0cxx_relaxed_constexpr
    Feature record: CXX_FEATURE:0cxx_return_type_deduction
    Feature record: CXX_FEATURE:0cxx_right_angle_brackets
    Feature record: CXX_FEATURE:0cxx_rvalue_references
    Feature record: CXX_FEATURE:0cxx_sizeof_member
    Feature record: CXX_FEATURE:0cxx_static_assert
    Feature record: CXX_FEATURE:0cxx_strong_enums
    Feature record: CXX_FEATURE:1cxx_template_template_parameters
    Feature record: CXX_FEATURE:0cxx_thread_local
    Feature record: CXX_FEATURE:0cxx_trailing_return_types
    Feature record: CXX_FEATURE:0cxx_unicode_literals
    Feature record: CXX_FEATURE:0cxx_uniform_initialization
    Feature record: CXX_FEATURE:0cxx_unrestricted_unions
    Feature record: CXX_FEATURE:0cxx_user_literals
    Feature record: CXX_FEATURE:0cxx_variable_templates
    Feature record: CXX_FEATURE:0cxx_variadic_macros
    Feature record: CXX_FEATURE:0cxx_variadic_templates
Performing C++ SOURCE FILE Test COMPILER_SUPPORTS_CXX14 succeeded with the following output:
Change Dir: /home/chardetm/Projects/assasim/final/precompilation/build/CMakeFiles/CMakeTmp

Run Build Command:"/usr/bin/make" "cmTC_39c85/fast"
/usr/bin/make -f CMakeFiles/cmTC_39c85.dir/build.make CMakeFiles/cmTC_39c85.dir/build
make[1]: Entering directory '/home/chardetm/Projects/assasim/final/precompilation/build/CMakeFiles/CMakeTmp'
Building CXX object CMakeFiles/cmTC_39c85.dir/src.cxx.o
/usr/bin/c++     -DCOMPILER_SUPPORTS_CXX14   -std=c++14 -o CMakeFiles/cmTC_39c85.dir/src.cxx.o -c /home/chardetm/Projects/assasim/final/precompilation/build/CMakeFiles/CMakeTmp/src.cxx
Linking CXX executable cmTC_39c85
/usr/bin/cmake -E cmake_link_script CMakeFiles/cmTC_39c85.dir/link.txt --verbose=1
/usr/bin/c++    -DCOMPILER_SUPPORTS_CXX14    CMakeFiles/cmTC_39c85.dir/src.cxx.o  -o cmTC_39c85 -rdynamic 
make[1]: Leaving directory '/home/chardetm/Projects/assasim/final/precompilation/build/CMakeFiles/CMakeTmp'

Source file was:
int main() { return 0; }
Performing C++ SOURCE FILE Test COMPILER_SUPPORTS_CXX1Y succeeded with the following output:
Change Dir: /home/chardetm/Projects/assasim/final/precompilation/build/CMakeFiles/CMakeTmp

Run Build Command:"/usr/bin/make" "cmTC_fa5d3/fast"
/usr/bin/make -f CMakeFiles/cmTC_fa5d3.dir/build.make CMakeFiles/cmTC_fa5d3.dir/build
make[1]: Entering directory '/home/chardetm/Projects/assasim/final/precompilation/build/CMakeFiles/CMakeTmp'
Building CXX object CMakeFiles/cmTC_fa5d3.dir/src.cxx.o
/usr/bin/c++     -DCOMPILER_SUPPORTS_CXX1Y   -std=c++1y -o CMakeFiles/cmTC_fa5d3.dir/src.cxx.o -c /home/chardetm/Projects/assasim/final/precompilation/build/CMakeFiles/CMakeTmp/src.cxx
Linking CXX executable cmTC_fa5d3
/usr/bin/cmake -E cmake_link_script CMakeFiles/cmTC_fa5d3.dir/link.txt --verbose=1
/usr/bin/c++    -DCOMPILER_SUPPORTS_CXX1Y    CMakeFiles/cmTC_fa5d3.dir/src.cxx.o  -o cmTC_fa5d3 -rdynamic 
make[1]: Leaving directory '/home/chardetm/Projects/assasim/final/precompilation/build/CMakeFiles/CMakeTmp'

Source file was:
int main() { return 0; }
